This file contains any messages produced by compilers while
running configure, to aid debugging if configure makes a mistake.

It was created by RtAudio configure 4.1.2, which was
generated by GNU Autoconf 2.69.  Invocation command line was

  $ ./configure --enable-maintainer-mode --enable-debug --disable-silent-rules

## --------- ##
## Platform. ##
## --------- ##

hostname = ccc-trityl-AGSO4
uname -m = i686
uname -r = 3.13.0-24-generic
uname -s = Linux
uname -v = #47-Ubuntu SMP Fri May 2 23:31:42 UTC 2014

/usr/bin/uname -p = unknown
/bin/uname -X     = unknown

/bin/arch              = unknown
/usr/bin/arch -k       = unknown
/usr/convex/getsysinfo = unknown
/usr/bin/hostinfo      = unknown
/bin/machine           = unknown
/usr/bin/oslevel       = unknown
/bin/universe          = unknown

PATH: /usr/local/sbin
PATH: /usr/local/bin
PATH: /usr/sbin
PATH: /usr/bin
PATH: /sbin
PATH: /bin
PATH: /usr/games
PATH: /usr/local/games


## ----------- ##
## Core tests. ##
## ----------- ##

configure:2434: checking for a BSD-compatible install
configure:2502: result: /usr/bin/install -c
configure:2513: checking whether build environment is sane
configure:2568: result: yes
configure:2719: checking for a thread-safe mkdir -p
configure:2758: result: /bin/mkdir -p
configure:2765: checking for gawk
configure:2781: found /usr/bin/gawk
configure:2792: result: gawk
configure:2803: checking whether make sets $(MAKE)
configure:2825: result: yes
configure:2854: checking whether make supports nested variables
configure:2871: result: yes
configure:3021: checking that version numbers are coherent
configure:3035: checking for style of include used by make
configure:3063: result: GNU
configure:3134: checking for gcc
configure:3150: found /usr/bin/gcc
configure:3161: result: gcc
configure:3390: checking for C compiler version
configure:3399: gcc --version >&5
gcc (Ubuntu 4.8.4-2ubuntu1~14.04.3) 4.8.4
Copyright (C) 2013 Free Software Foundation, Inc.
This is free software; see the source for copying conditions.  There is NO
warranty; not even for MERCHANTABILITY or FITNESS FOR A PARTICULAR PURPOSE.

configure:3410: $? = 0
configure:3399: gcc -v >&5
Using built-in specs.
COLLECT_GCC=gcc
COLLECT_LTO_WRAPPER=/usr/lib/gcc/i686-linux-gnu/4.8/lto-wrapper
Target: i686-linux-gnu
Configured with: ../src/configure -v --with-pkgversion='Ubuntu 4.8.4-2ubuntu1~14.04.3' --with-bugurl=file:///usr/share/doc/gcc-4.8/README.Bugs --enable-languages=c,c++,java,go,d,fortran,objc,obj-c++ --prefix=/usr --program-suffix=-4.8 --enable-shared --enable-linker-build-id --libexecdir=/usr/lib --without-included-gettext --enable-threads=posix --with-gxx-include-dir=/usr/include/c++/4.8 --libdir=/usr/lib --enable-nls --with-sysroot=/ --enable-clocale=gnu --enable-libstdcxx-debug --enable-libstdcxx-time=yes --enable-gnu-unique-object --disable-libmudflap --enable-plugin --with-system-zlib --disable-browser-plugin --enable-java-awt=gtk --enable-gtk-cairo --with-java-home=/usr/lib/jvm/java-1.5.0-gcj-4.8-i386/jre --enable-java-home --with-jvm-root-dir=/usr/lib/jvm/java-1.5.0-gcj-4.8-i386 --with-jvm-jar-dir=/usr/lib/jvm-exports/java-1.5.0-gcj-4.8-i386 --with-arch-directory=i386 --with-ecj-jar=/usr/share/java/eclipse-ecj.jar --enable-objc-gc --enable-targets=all --enable-multiarch --disable-werror --with-arch-32=i686 --with-multilib-list=m32,m64,mx32 --with-tune=generic --enable-checking=release --build=i686-linux-gnu --host=i686-linux-gnu --target=i686-linux-gnu
Thread model: posix
gcc version 4.8.4 (Ubuntu 4.8.4-2ubuntu1~14.04.3) 
configure:3410: $? = 0
configure:3399: gcc -V >&5
gcc: error: unrecognized command line option '-V'
gcc: fatal error: no input files
compilation terminated.
configure:3410: $? = 4
configure:3399: gcc -qversion >&5
gcc: error: unrecognized command line option '-qversion'
gcc: fatal error: no input files
compilation terminated.
configure:3410: $? = 4
configure:3430: checking whether the C compiler works
configure:3452: gcc    conftest.c  >&5
configure:3456: $? = 0
configure:3504: result: yes
configure:3507: checking for C compiler default output file name
configure:3509: result: a.out
configure:3515: checking for suffix of executables
configure:3522: gcc -o conftest    conftest.c  >&5
configure:3526: $? = 0
configure:3548: result: 
configure:3570: checking whether we are cross compiling
configure:3578: gcc -o conftest    conftest.c  >&5
configure:3582: $? = 0
configure:3589: ./conftest
configure:3593: $? = 0
configure:3608: result: no
configure:3613: checking for suffix of object files
configure:3635: gcc -c   conftest.c >&5
configure:3639: $? = 0
configure:3660: result: o
configure:3664: checking whether we are using the GNU C compiler
configure:3683: gcc -c   conftest.c >&5
configure:3683: $? = 0
configure:3692: result: yes
configure:3701: checking whether gcc accepts -g
configure:3721: gcc -c -g  conftest.c >&5
configure:3721: $? = 0
configure:3762: result: yes
configure:3779: checking for gcc option to accept ISO C89
configure:3842: gcc  -c -g -O2  conftest.c >&5
configure:3842: $? = 0
configure:3855: result: none needed
configure:3880: checking whether gcc understands -c and -o together
configure:3902: gcc -c conftest.c -o conftest2.o
configure:3905: $? = 0
configure:3902: gcc -c conftest.c -o conftest2.o
configure:3905: $? = 0
configure:3917: result: yes
configure:3936: checking dependency style of gcc
configure:4047: result: gcc3
configure:4081: gcc -o conftest -g -O2   conftest.c  >&5
configure:4081: $? = 0
configure:4081: ./conftest
configure:4081: $? = 0
configure:4082: result: yes
configure:4097: checking whether to enable maintainer-specific portions of Makefiles
configure:4106: result: yes
configure:4130: checking whether make supports nested variables
configure:4147: result: yes
configure:4219: checking for pkg-config
configure:4237: found /usr/bin/pkg-config
configure:4249: result: /usr/bin/pkg-config
configure:4274: checking pkg-config is at least version 0.9.0
configure:4277: result: yes
configure:4289: checking whether to compile debug version
configure:4359: checking for g++
configure:4375: found /usr/bin/g++
configure:4386: result: g++
configure:4413: checking for C++ compiler version
configure:4422: g++ --version >&5
g++ (Ubuntu 4.8.4-2ubuntu1~14.04.3) 4.8.4
Copyright (C) 2013 Free Software Foundation, Inc.
This is free software; see the source for copying conditions.  There is NO
warranty; not even for MERCHANTABILITY or FITNESS FOR A PARTICULAR PURPOSE.

configure:4433: $? = 0
configure:4422: g++ -v >&5
Using built-in specs.
COLLECT_GCC=g++
COLLECT_LTO_WRAPPER=/usr/lib/gcc/i686-linux-gnu/4.8/lto-wrapper
Target: i686-linux-gnu
Configured with: ../src/configure -v --with-pkgversion='Ubuntu 4.8.4-2ubuntu1~14.04.3' --with-bugurl=file:///usr/share/doc/gcc-4.8/README.Bugs --enable-languages=c,c++,java,go,d,fortran,objc,obj-c++ --prefix=/usr --program-suffix=-4.8 --enable-shared --enable-linker-build-id --libexecdir=/usr/lib --without-included-gettext --enable-threads=posix --with-gxx-include-dir=/usr/include/c++/4.8 --libdir=/usr/lib --enable-nls --with-sysroot=/ --enable-clocale=gnu --enable-libstdcxx-debug --enable-libstdcxx-time=yes --enable-gnu-unique-object --disable-libmudflap --enable-plugin --with-system-zlib --disable-browser-plugin --enable-java-awt=gtk --enable-gtk-cairo --with-java-home=/usr/lib/jvm/java-1.5.0-gcj-4.8-i386/jre --enable-java-home --with-jvm-root-dir=/usr/lib/jvm/java-1.5.0-gcj-4.8-i386 --with-jvm-jar-dir=/usr/lib/jvm-exports/java-1.5.0-gcj-4.8-i386 --with-arch-directory=i386 --with-ecj-jar=/usr/share/java/eclipse-ecj.jar --enable-objc-gc --enable-targets=all --enable-multiarch --disable-werror --with-arch-32=i686 --with-multilib-list=m32,m64,mx32 --with-tune=generic --enable-checking=release --build=i686-linux-gnu --host=i686-linux-gnu --target=i686-linux-gnu
Thread model: posix
gcc version 4.8.4 (Ubuntu 4.8.4-2ubuntu1~14.04.3) 
configure:4433: $? = 0
configure:4422: g++ -V >&5
g++: error: unrecognized command line option '-V'
g++: fatal error: no input files
compilation terminated.
configure:4433: $? = 4
configure:4422: g++ -qversion >&5
g++: error: unrecognized command line option '-qversion'
g++: fatal error: no input files
compilation terminated.
configure:4433: $? = 4
configure:4437: checking whether we are using the GNU C++ compiler
configure:4456: g++ -c -g -O0  conftest.cpp >&5
configure:4456: $? = 0
configure:4465: result: yes
configure:4474: checking whether g++ accepts -g
configure:4494: g++ -c -g  conftest.cpp >&5
configure:4494: $? = 0
configure:4535: result: yes
configure:4560: checking dependency style of g++
configure:4671: result: gcc3
configure:4735: checking for ar
configure:4751: found /usr/bin/ar
configure:4762: result: ar
configure:4788: checking the archiver (ar) interface
configure:4804: gcc -c -g -O2  conftest.c >&5
configure:4804: $? = 0
configure:4806: ar cru libconftest.a conftest.o >&5
configure:4809: $? = 0
configure:4837: result: ar
configure:4859: checking for ar
configure:4877: found /usr/bin/ar
configure:4890: result: /usr/bin/ar
configure:4932: checking build system type
configure:4946: result: i686-pc-linux-gnu
configure:4966: checking host system type
configure:4979: result: i686-pc-linux-gnu
configure:5020: checking how to print strings
configure:5047: result: printf
configure:5068: checking for a sed that does not truncate output
configure:5132: result: /bin/sed
configure:5150: checking for grep that handles long lines and -e
configure:5208: result: /bin/grep
configure:5213: checking for egrep
configure:5275: result: /bin/grep -E
configure:5280: checking for fgrep
configure:5342: result: /bin/grep -F
configure:5377: checking for ld used by gcc
configure:5444: result: /usr/bin/ld
configure:5451: checking if the linker (/usr/bin/ld) is GNU ld
configure:5466: result: yes
configure:5478: checking for BSD- or MS-compatible name lister (nm)
configure:5527: result: /usr/bin/nm -B
configure:5657: checking the name lister (/usr/bin/nm -B) interface
configure:5664: gcc -c -g -O2  conftest.c >&5
configure:5667: /usr/bin/nm -B "conftest.o"
configure:5670: output
00000000 B some_variable
configure:5677: result: BSD nm
configure:5680: checking whether ln -s works
configure:5684: result: yes
configure:5692: checking the maximum length of command line arguments
configure:5823: result: 1572864
configure:5840: checking whether the shell understands some XSI constructs
configure:5850: result: yes
configure:5854: checking whether the shell understands "+="
configure:5860: result: yes
configure:5895: checking how to convert i686-pc-linux-gnu file names to i686-pc-linux-gnu format
configure:5935: result: func_convert_file_noop
configure:5942: checking how to convert i686-pc-linux-gnu file names to toolchain format
configure:5962: result: func_convert_file_noop
configure:5969: checking for /usr/bin/ld option to reload object files
configure:5976: result: -r
configure:6050: checking for objdump
configure:6066: found /usr/bin/objdump
configure:6077: result: objdump
configure:6106: checking how to recognize dependent libraries
configure:6304: result: pass_all
configure:6389: checking for dlltool
configure:6419: result: no
configure:6446: checking how to associate runtime and link libraries
configure:6473: result: printf %s\n
configure:6597: checking for archiver @FILE support
configure:6614: gcc -c -g -O2  conftest.c >&5
configure:6614: $? = 0
configure:6617: /usr/bin/ar cru libconftest.a @conftest.lst >&5
configure:6620: $? = 0
configure:6625: /usr/bin/ar cru libconftest.a @conftest.lst >&5
/usr/bin/ar: conftest.o: No such file or directory
configure:6628: $? = 1
configure:6640: result: @
configure:6698: checking for strip
configure:6714: found /usr/bin/strip
configure:6725: result: strip
configure:6797: checking for ranlib
configure:6813: found /usr/bin/ranlib
configure:6824: result: ranlib
configure:6926: checking command to parse /usr/bin/nm -B output from gcc object
configure:7046: gcc -c -g -O2  conftest.c >&5
configure:7049: $? = 0
configure:7053: /usr/bin/nm -B conftest.o \| sed -n -e 's/^.*[ ]\([ABCDGIRSTW][ABCDGIRSTW]*\)[ ][ ]*\([_A-Za-z][_A-Za-z0-9]*\)$/\1 \2 \2/p' | sed '/ __gnu_lto/d' \> conftest.nm
configure:7056: $? = 0
configure:7122: gcc -o conftest -g -O2   conftest.c conftstm.o >&5
configure:7125: $? = 0
configure:7163: result: ok
configure:7200: checking for sysroot
configure:7230: result: no
configure:7499: checking for mt
configure:7515: found /bin/mt
configure:7526: result: mt
configure:7549: checking if mt is a manifest tool
configure:7555: mt '-?'
configure:7563: result: no
configure:8205: checking how to run the C preprocessor
configure:8236: gcc -E  conftest.c
configure:8236: $? = 0
configure:8250: gcc -E  conftest.c
conftest.c:12:28: fatal error: ac_nonexistent.h: No such file or directory
 #include <ac_nonexistent.h>
                            ^
compilation terminated.
configure:8250: $? = 1
configure: failed program was:
| /* confdefs.h */
| #define PACKAGE_NAME "RtAudio"
| #define PACKAGE_TARNAME "rtaudio"
| #define PACKAGE_VERSION "4.1.2"
| #define PACKAGE_STRING "RtAudio 4.1.2"
| #define PACKAGE_BUGREPORT "gary@music.mcgill.ca"
| #define PACKAGE_URL ""
| #define PACKAGE "rtaudio"
| #define VERSION "4.1.2"
| #define __RTAUDIO_DEBUG__ 1
| /* end confdefs.h.  */
| #include <ac_nonexistent.h>
configure:8275: result: gcc -E
configure:8295: gcc -E  conftest.c
configure:8295: $? = 0
configure:8309: gcc -E  conftest.c
conftest.c:12:28: fatal error: ac_nonexistent.h: No such file or directory
 #include <ac_nonexistent.h>
                            ^
compilation terminated.
configure:8309: $? = 1
configure: failed program was:
| /* confdefs.h */
| #define PACKAGE_NAME "RtAudio"
| #define PACKAGE_TARNAME "rtaudio"
| #define PACKAGE_VERSION "4.1.2"
| #define PACKAGE_STRING "RtAudio 4.1.2"
| #define PACKAGE_BUGREPORT "gary@music.mcgill.ca"
| #define PACKAGE_URL ""
| #define PACKAGE "rtaudio"
| #define VERSION "4.1.2"
| #define __RTAUDIO_DEBUG__ 1
| /* end confdefs.h.  */
| #include <ac_nonexistent.h>
configure:8338: checking for ANSI C header files
configure:8358: gcc -c -g -O2  conftest.c >&5
configure:8358: $? = 0
configure:8431: gcc -o conftest -g -O2   conftest.c  >&5
configure:8431: $? = 0
configure:8431: ./conftest
configure:8431: $? = 0
configure:8442: result: yes
configure:8455: checking for sys/types.h
configure:8455: gcc -c -g -O2  conftest.c >&5
configure:8455: $? = 0
configure:8455: result: yes
configure:8455: checking for sys/stat.h
configure:8455: gcc -c -g -O2  conftest.c >&5
configure:8455: $? = 0
configure:8455: result: yes
configure:8455: checking for stdlib.h
configure:8455: gcc -c -g -O2  conftest.c >&5
configure:8455: $? = 0
configure:8455: result: yes
configure:8455: checking for string.h
configure:8455: gcc -c -g -O2  conftest.c >&5
configure:8455: $? = 0
configure:8455: result: yes
configure:8455: checking for memory.h
configure:8455: gcc -c -g -O2  conftest.c >&5
configure:8455: $? = 0
configure:8455: result: yes
configure:8455: checking for strings.h
configure:8455: gcc -c -g -O2  conftest.c >&5
configure:8455: $? = 0
configure:8455: result: yes
configure:8455: checking for inttypes.h
configure:8455: gcc -c -g -O2  conftest.c >&5
configure:8455: $? = 0
configure:8455: result: yes
configure:8455: checking for stdint.h
configure:8455: gcc -c -g -O2  conftest.c >&5
configure:8455: $? = 0
configure:8455: result: yes
configure:8455: checking for unistd.h
configure:8455: gcc -c -g -O2  conftest.c >&5
configure:8455: $? = 0
configure:8455: result: yes
configure:8469: checking for dlfcn.h
configure:8469: gcc -c -g -O2  conftest.c >&5
configure:8469: $? = 0
configure:8469: result: yes
configure:8984: checking for objdir
configure:8999: result: .libs
configure:9270: checking if gcc supports -fno-rtti -fno-exceptions
configure:9288: gcc -c -g -O2  -fno-rtti -fno-exceptions conftest.c >&5
cc1: warning: command line option '-fno-rtti' is valid for C++/ObjC++ but not for C [enabled by default]
configure:9292: $? = 0
configure:9305: result: no
configure:9632: checking for gcc option to produce PIC
configure:9639: result: -fPIC -DPIC
configure:9647: checking if gcc PIC flag -fPIC -DPIC works
configure:9665: gcc -c -g -O2  -fPIC -DPIC -DPIC conftest.c >&5
configure:9669: $? = 0
configure:9682: result: yes
configure:9711: checking if gcc static flag -static works
configure:9739: result: yes
configure:9754: checking if gcc supports -c -o file.o
configure:9775: gcc -c -g -O2  -o out/conftest2.o conftest.c >&5
configure:9779: $? = 0
configure:9801: result: yes
configure:9809: checking if gcc supports -c -o file.o
configure:9856: result: yes
configure:9889: checking whether the gcc linker (/usr/bin/ld) supports shared libraries
configure:11046: result: yes
configure:11083: checking whether -lc should be explicitly linked in
configure:11091: gcc -c -g -O2  conftest.c >&5
configure:11094: $? = 0
configure:11109: gcc -shared  -fPIC -DPIC conftest.o  -v -Wl,-soname -Wl,conftest -o conftest 2\>\&1 \| /bin/grep  -lc  \>/dev/null 2\>\&1
configure:11112: $? = 0
configure:11126: result: no
configure:11286: checking dynamic linker characteristics
configure:11786: gcc -o conftest -g -O2   -Wl,-rpath -Wl,/foo conftest.c  >&5
configure:11786: $? = 0
configure:12020: result: GNU/Linux ld.so
configure:12127: checking how to hardcode library paths into programs
configure:12152: result: immediate
configure:12692: checking whether stripping libraries is possible
configure:12697: result: yes
configure:12732: checking if libtool supports shared libraries
configure:12734: result: yes
configure:12737: checking whether to build shared libraries
configure:12758: result: yes
configure:12761: checking whether to build static libraries
configure:12765: result: yes
configure:12788: checking how to run the C++ preprocessor
configure:12815: g++ -E  conftest.cpp
configure:12815: $? = 0
configure:12829: g++ -E  conftest.cpp
conftest.cpp:24:28: fatal error: ac_nonexistent.h: No such file or directory
 #include <ac_nonexistent.h>
                            ^
compilation terminated.
configure:12829: $? = 1
configure: failed program was:
| /* confdefs.h */
| #define PACKAGE_NAME "RtAudio"
| #define PACKAGE_TARNAME "rtaudio"
| #define PACKAGE_VERSION "4.1.2"
| #define PACKAGE_STRING "RtAudio 4.1.2"
| #define PACKAGE_BUGREPORT "gary@music.mcgill.ca"
| #define PACKAGE_URL ""
| #define PACKAGE "rtaudio"
| #define VERSION "4.1.2"
| #define __RTAUDIO_DEBUG__ 1
| #define STDC_HEADERS 1
| #define HAVE_SYS_TYPES_H 1
| #define HAVE_SYS_STAT_H 1
| #define HAVE_STDLIB_H 1
| #define HAVE_STRING_H 1
| #define HAVE_MEMORY_H 1
| #define HAVE_STRINGS_H 1
| #define HAVE_INTTYPES_H 1
| #define HAVE_STDINT_H 1
| #define HAVE_UNISTD_H 1
| #define HAVE_DLFCN_H 1
| #define LT_OBJDIR ".libs/"
| /* end confdefs.h.  */
| #include <ac_nonexistent.h>
configure:12854: result: g++ -E
configure:12874: g++ -E  conftest.cpp
configure:12874: $? = 0
configure:12888: g++ -E  conftest.cpp
conftest.cpp:24:28: fatal error: ac_nonexistent.h: No such file or directory
 #include <ac_nonexistent.h>
                            ^
compilation terminated.
configure:12888: $? = 1
configure: failed program was:
| /* confdefs.h */
| #define PACKAGE_NAME "RtAudio"
| #define PACKAGE_TARNAME "rtaudio"
| #define PACKAGE_VERSION "4.1.2"
| #define PACKAGE_STRING "RtAudio 4.1.2"
| #define PACKAGE_BUGREPORT "gary@music.mcgill.ca"
| #define PACKAGE_URL ""
| #define PACKAGE "rtaudio"
| #define VERSION "4.1.2"
| #define __RTAUDIO_DEBUG__ 1
| #define STDC_HEADERS 1
| #define HAVE_SYS_TYPES_H 1
| #define HAVE_SYS_STAT_H 1
| #define HAVE_STDLIB_H 1
| #define HAVE_STRING_H 1
| #define HAVE_MEMORY_H 1
| #define HAVE_STRINGS_H 1
| #define HAVE_INTTYPES_H 1
| #define HAVE_STDINT_H 1
| #define HAVE_UNISTD_H 1
| #define HAVE_DLFCN_H 1
| #define LT_OBJDIR ".libs/"
| /* end confdefs.h.  */
| #include <ac_nonexistent.h>
configure:13057: checking for ld used by g++
configure:13124: result: /usr/bin/ld
configure:13131: checking if the linker (/usr/bin/ld) is GNU ld
configure:13146: result: yes
configure:13201: checking whether the g++ linker (/usr/bin/ld) supports shared libraries
configure:14203: result: yes
configure:14239: g++ -c -g -O0  conftest.cpp >&5
configure:14242: $? = 0
configure:14762: checking for g++ option to produce PIC
configure:14769: result: -fPIC -DPIC
configure:14777: checking if g++ PIC flag -fPIC -DPIC works
configure:14795: g++ -c -g -O0  -fPIC -DPIC -DPIC conftest.cpp >&5
configure:14799: $? = 0
configure:14812: result: yes
configure:14835: checking if g++ static flag -static works
configure:14863: result: yes
configure:14875: checking if g++ supports -c -o file.o
configure:14896: g++ -c -g -O0  -o out/conftest2.o conftest.cpp >&5
configure:14900: $? = 0
configure:14922: result: yes
configure:14927: checking if g++ supports -c -o file.o
configure:14974: result: yes
configure:15004: checking whether the g++ linker (/usr/bin/ld) supports shared libraries
configure:15043: result: yes
configure:15184: checking dynamic linker characteristics
configure:15852: result: GNU/Linux ld.so
configure:15905: checking how to hardcode library paths into programs
configure:15930: result: immediate
configure:15994: checking for ANSI C header files
configure:16098: result: yes
configure:16109: checking sys/ioctl.h usability
configure:16109: gcc -c -g -O2  conftest.c >&5
configure:16109: $? = 0
configure:16109: result: yes
configure:16109: checking sys/ioctl.h presence
configure:16109: gcc -E  conftest.c
configure:16109: $? = 0
configure:16109: result: yes
configure:16109: checking for sys/ioctl.h
configure:16109: result: yes
configure:16109: checking for unistd.h
configure:16109: result: yes
configure:16130: checking for gettimeofday
configure:16130: gcc -o conftest -g -O2   conftest.c  >&5
configure:16130: $? = 0
configure:16130: result: yes
configure:16139: checking for doxygen
configure:16155: found /usr/bin/doxygen
configure:16166: result: doxygen 
configure:16226: checking for audio API
configure:16519: result: using ALSA
configure:16524: checking for snd_pcm_open in -lasound
configure:16549: gcc -o conftest -g -O2   conftest.c -lasound   >&5
configure:16549: $? = 0
configure:16558: result: yes
configure:16573: checking for pthread_create in -lpthread
configure:16598: gcc -o conftest -g -O2   conftest.c -lpthread  -lasound  >&5
configure:16598: $? = 0
configure:16607: result: yes
configure:16973: checking that generated files are newer than configure
configure:16979: result: done
configure:17014: creating ./config.status

## ---------------------- ##
## Running config.status. ##
## ---------------------- ##

This file was extended by RtAudio config.status 4.1.2, which was
generated by GNU Autoconf 2.69.  Invocation command line was

  CONFIG_FILES    = 
  CONFIG_HEADERS  = 
  CONFIG_LINKS    = 
  CONFIG_COMMANDS = 
  $ ./config.status 

on ccc-trityl-AGSO4

config.status:1108: creating rtaudio.pc
config.status:1108: creating Makefile
config.status:1108: creating tests/Makefile
config.status:1108: creating doc/Makefile
config.status:1108: creating doc/doxygen/Doxyfile
config.status:1311: executing depfiles commands
config.status:1311: executing libtool commands

## ---------------- ##
## Cache variables. ##
## ---------------- ##

ac_cv_build=i686-pc-linux-gnu
ac_cv_c_compiler_gnu=yes
ac_cv_cxx_compiler_gnu=yes
ac_cv_env_CCC_set=
ac_cv_env_CCC_value=
ac_cv_env_CC_set=
ac_cv_env_CC_value=
ac_cv_env_CFLAGS_set=
ac_cv_env_CFLAGS_value=
ac_cv_env_CPPFLAGS_set=
ac_cv_env_CPPFLAGS_value=
ac_cv_env_CPP_set=
ac_cv_env_CPP_value=
ac_cv_env_CXXCPP_set=
ac_cv_env_CXXCPP_value=
ac_cv_env_CXXFLAGS_set=
ac_cv_env_CXXFLAGS_value=
ac_cv_env_CXX_set=
ac_cv_env_CXX_value=
ac_cv_env_LDFLAGS_set=
ac_cv_env_LDFLAGS_value=
ac_cv_env_LIBS_set=
ac_cv_env_LIBS_value=
ac_cv_env_PKG_CONFIG_LIBDIR_set=
ac_cv_env_PKG_CONFIG_LIBDIR_value=
ac_cv_env_PKG_CONFIG_PATH_set=
ac_cv_env_PKG_CONFIG_PATH_value=
ac_cv_env_PKG_CONFIG_set=
ac_cv_env_PKG_CONFIG_value=
ac_cv_env_build_alias_set=
ac_cv_env_build_alias_value=
ac_cv_env_host_alias_set=
ac_cv_env_host_alias_value=
ac_cv_env_target_alias_set=
ac_cv_env_target_alias_value=
ac_cv_func_gettimeofday=yes
ac_cv_header_dlfcn_h=yes
ac_cv_header_inttypes_h=yes
ac_cv_header_memory_h=yes
ac_cv_header_stdc=yes
ac_cv_header_stdint_h=yes
ac_cv_header_stdlib_h=yes
ac_cv_header_string_h=yes
ac_cv_header_strings_h=yes
ac_cv_header_sys_ioctl_h=yes
ac_cv_header_sys_stat_h=yes
ac_cv_header_sys_types_h=yes
ac_cv_header_unistd_h=yes
ac_cv_host=i686-pc-linux-gnu
ac_cv_lib_asound_snd_pcm_open=yes
ac_cv_lib_pthread_pthread_create=yes
ac_cv_objext=o
ac_cv_path_AR=/usr/bin/ar
ac_cv_path_EGREP='/bin/grep -E'
ac_cv_path_FGREP='/bin/grep -F'
ac_cv_path_GREP=/bin/grep
ac_cv_path_SED=/bin/sed
ac_cv_path_ac_pt_PKG_CONFIG=/usr/bin/pkg-config
ac_cv_path_install='/usr/bin/install -c'
ac_cv_path_mkdir=/bin/mkdir
ac_cv_prog_AWK=gawk
ac_cv_prog_CPP='gcc -E'
ac_cv_prog_CXXCPP='g++ -E'
ac_cv_prog_DOXYGEN='doxygen '
ac_cv_prog_ac_ct_AR=ar
ac_cv_prog_ac_ct_CC=gcc
ac_cv_prog_ac_ct_CXX=g++
ac_cv_prog_ac_ct_MANIFEST_TOOL=mt
ac_cv_prog_ac_ct_OBJDUMP=objdump
ac_cv_prog_ac_ct_RANLIB=ranlib
ac_cv_prog_ac_ct_STRIP=strip
ac_cv_prog_cc_c89=
ac_cv_prog_cc_g=yes
ac_cv_prog_cxx_g=yes
ac_cv_prog_make_make_set=yes
am_cv_CC_dependencies_compiler_type=gcc3
am_cv_CXX_dependencies_compiler_type=gcc3
am_cv_ar_interface=ar
am_cv_make_support_nested_variables=yes
am_cv_prog_cc_c_o=yes
lt_cv_ar_at_file=@
lt_cv_archive_cmds_need_lc=no
lt_cv_deplibs_check_method=pass_all
lt_cv_file_magic_cmd='$MAGIC_CMD'
lt_cv_file_magic_test_file=
lt_cv_ld_reload_flag=-r
lt_cv_nm_interface='BSD nm'
lt_cv_objdir=.libs
lt_cv_path_LD=/usr/bin/ld
lt_cv_path_LDCXX=/usr/bin/ld
lt_cv_path_NM='/usr/bin/nm -B'
lt_cv_path_mainfest_tool=no
lt_cv_prog_compiler_c_o=yes
lt_cv_prog_compiler_c_o_CXX=yes
lt_cv_prog_compiler_pic='-fPIC -DPIC'
lt_cv_prog_compiler_pic_CXX='-fPIC -DPIC'
lt_cv_prog_compiler_pic_works=yes
lt_cv_prog_compiler_pic_works_CXX=yes
lt_cv_prog_compiler_rtti_exceptions=no
lt_cv_prog_compiler_static_works=yes
lt_cv_prog_compiler_static_works_CXX=yes
lt_cv_prog_gnu_ld=yes
lt_cv_prog_gnu_ldcxx=yes
lt_cv_sharedlib_from_linklib_cmd='printf %s\n'
lt_cv_shlibpath_overrides_runpath=no
lt_cv_sys_global_symbol_pipe='sed -n -e '\''s/^.*[	 ]\([ABCDGIRSTW][ABCDGIRSTW]*\)[	 ][	 ]*\([_A-Za-z][_A-Za-z0-9]*\)$/\1 \2 \2/p'\'' | sed '\''/ __gnu_lto/d'\'''
lt_cv_sys_global_symbol_to_c_name_address='sed -n -e '\''s/^: \([^ ]*\)[ ]*$/  {\"\1\", (void *) 0},/p'\'' -e '\''s/^[ABCDGIRSTW]* \([^ ]*\) \([^ ]*\)$/  {"\2", (void *) \&\2},/p'\'''
lt_cv_sys_global_symbol_to_c_name_address_lib_prefix='sed -n -e '\''s/^: \([^ ]*\)[ ]*$/  {\"\1\", (void *) 0},/p'\'' -e '\''s/^[ABCDGIRSTW]* \([^ ]*\) \(lib[^ ]*\)$/  {"\2", (void *) \&\2},/p'\'' -e '\''s/^[ABCDGIRSTW]* \([^ ]*\) \([^ ]*\)$/  {"lib\2", (void *) \&\2},/p'\'''
lt_cv_sys_global_symbol_to_cdecl='sed -n -e '\''s/^T .* \(.*\)$/extern int \1();/p'\'' -e '\''s/^[ABCDGIRSTW]* .* \(.*\)$/extern char \1;/p'\'''
lt_cv_sys_max_cmd_len=1572864
lt_cv_to_host_file_cmd=func_convert_file_noop
lt_cv_to_tool_file_cmd=func_convert_file_noop

## ----------------- ##
## Output variables. ##
## ----------------- ##

ACLOCAL='${SHELL} /home/nic/Programming/C++/Projects/Audio/rtaudio/config/missing aclocal-1.14'
AMDEPBACKSLASH='\'
AMDEP_FALSE='#'
AMDEP_TRUE=''
AMTAR='$${TAR-tar}'
AM_BACKSLASH='\'
AM_DEFAULT_V='$(AM_DEFAULT_VERBOSITY)'
AM_DEFAULT_VERBOSITY='1'
AM_V='$(V)'
AR='/usr/bin/ar'
AS='as'
AUTOCONF='${SHELL} /home/nic/Programming/C++/Projects/Audio/rtaudio/config/missing autoconf'
AUTOHEADER='${SHELL} /home/nic/Programming/C++/Projects/Audio/rtaudio/config/missing autoheader'
AUTOMAKE='${SHELL} /home/nic/Programming/C++/Projects/Audio/rtaudio/config/missing automake-1.14'
AWK='gawk'
CC='gcc'
CCDEPMODE='depmode=gcc3'
CFLAGS='-g -O2'
CPP='gcc -E'
CPPFLAGS=' -D__LINUX_ALSA__'
CXX='g++'
CXXCPP='g++ -E'
CXXDEPMODE='depmode=gcc3'
CXXFLAGS='-g -O0 -Wall -Wextra -Werror'
CYGPATH_W='echo'
DEFS='-DPACKAGE_NAME=\"RtAudio\" -DPACKAGE_TARNAME=\"rtaudio\" -DPACKAGE_VERSION=\"4.1.2\" -DPACKAGE_STRING=\"RtAudio\ 4.1.2\" -DPACKAGE_BUGREPORT=\"gary@music.mcgill.ca\" -DPACKAGE_URL=\"\" -DPACKAGE=\"rtaudio\" -DVERSION=\"4.1.2\" -D__RTAUDIO_DEBUG__=1 -DSTDC_HEADERS=1 -DHAVE_SYS_TYPES_H=1 -DHAVE_SYS_STAT_H=1 -DHAVE_STDLIB_H=1 -DHAVE_STRING_H=1 -DHAVE_MEMORY_H=1 -DHAVE_STRINGS_H=1 -DHAVE_INTTYPES_H=1 -DHAVE_STDINT_H=1 -DHAVE_UNISTD_H=1 -DHAVE_DLFCN_H=1 -DLT_OBJDIR=\".libs/\" -DSTDC_HEADERS=1 -DHAVE_SYS_IOCTL_H=1 -DHAVE_UNISTD_H=1 -DHAVE_LIBASOUND=1 -DHAVE_LIBPTHREAD=1'
DEPDIR='.deps'
DLLTOOL='false'
DOXYGEN='doxygen '
DSYMUTIL=''
DUMPBIN=''
ECHO_C=''
ECHO_N='-n'
ECHO_T=''
EGREP='/bin/grep -E'
EXEEXT=''
FGREP='/bin/grep -F'
GREP='/bin/grep'
GXX='yes'
INSTALL_DATA='${INSTALL} -m 644'
INSTALL_PROGRAM='${INSTALL}'
INSTALL_SCRIPT='${INSTALL}'
INSTALL_STRIP_PROGRAM='$(install_sh) -c -s'
LD='/usr/bin/ld'
LDFLAGS=''
LIBOBJS=''
LIBS='-lpthread -lasound '
LIBTOOL='$(SHELL) $(top_builddir)/libtool'
LIPO=''
LN_S='ln -s'
LTLIBOBJS=''
MAINT=''
MAINTAINER_MODE_FALSE='#'
MAINTAINER_MODE_TRUE=''
MAKEINFO='${SHELL} /home/nic/Programming/C++/Projects/Audio/rtaudio/config/missing makeinfo'
MAKE_DOC_FALSE='#'
MAKE_DOC_TRUE=''
MANIFEST_TOOL=':'
MKDIR_P='/bin/mkdir -p'
NM='/usr/bin/nm -B'
NMEDIT=''
OBJDUMP='objdump'
OBJEXT='o'
OTOOL64=''
OTOOL=''
PACKAGE='rtaudio'
PACKAGE_BUGREPORT='gary@music.mcgill.ca'
PACKAGE_NAME='RtAudio'
PACKAGE_STRING='RtAudio 4.1.2'
PACKAGE_TARNAME='rtaudio'
PACKAGE_URL=''
PACKAGE_VERSION='4.1.2'
PATH_SEPARATOR=':'
PKG_CONFIG='/usr/bin/pkg-config'
PKG_CONFIG_LIBDIR=''
PKG_CONFIG_PATH=''
RANLIB='ranlib'
SED='/bin/sed'
SET_MAKE=''
SHELL='/bin/bash'
SO_VERSION='5:0:0'
STRIP='strip'
VERSION='4.1.2'
ac_ct_AR='ar'
ac_ct_CC='gcc'
ac_ct_CXX='g++'
ac_ct_DUMPBIN=''
am__EXEEXT_FALSE=''
am__EXEEXT_TRUE='#'
am__fastdepCC_FALSE='#'
am__fastdepCC_TRUE=''
am__fastdepCXX_FALSE='#'
am__fastdepCXX_TRUE=''
am__include='include'
am__isrc=''
am__leading_dot='.'
am__nodep='_no'
am__quote=''
am__tar='$${TAR-tar} chof - "$$tardir"'
am__untar='$${TAR-tar} xf -'
api='-D__LINUX_ALSA__'
bindir='${exec_prefix}/bin'
build='i686-pc-linux-gnu'
build_alias=''
build_cpu='i686'
build_os='linux-gnu'
build_vendor='pc'
datadir='${datarootdir}'
datarootdir='${prefix}/share'
docdir='${datarootdir}/doc/${PACKAGE_TARNAME}'
dvidir='${docdir}'
exec_prefix='${prefix}'
host='i686-pc-linux-gnu'
host_alias=''
host_cpu='i686'
host_os='linux-gnu'
host_vendor='pc'
htmldir='${docdir}'
includedir='${prefix}/include'
infodir='${datarootdir}/info'
install_sh='${SHELL} /home/nic/Programming/C++/Projects/Audio/rtaudio/config/install-sh'
libdir='${exec_prefix}/lib'
libexecdir='${exec_prefix}/libexec'
localedir='${datarootdir}/locale'
localstatedir='${prefix}/var'
mandir='${datarootdir}/man'
mkdir_p='$(MKDIR_P)'
objects=''
oldincludedir='/usr/include'
pdfdir='${docdir}'
prefix='/usr/local'
program_transform_name='s,x,x,'
psdir='${docdir}'
req=' alsa'
sbindir='${exec_prefix}/sbin'
sharedstatedir='${prefix}/com'
sysconfdir='${prefix}/etc'
target_alias=''

## ----------- ##
## confdefs.h. ##
## ----------- ##

/* confdefs.h */
#define PACKAGE_NAME "RtAudio"
#define PACKAGE_TARNAME "rtaudio"
#define PACKAGE_VERSION "4.1.2"
#define PACKAGE_STRING "RtAudio 4.1.2"
#define PACKAGE_BUGREPORT "gary@music.mcgill.ca"
#define PACKAGE_URL ""
#define PACKAGE "rtaudio"
#define VERSION "4.1.2"
#define __RTAUDIO_DEBUG__ 1
#define STDC_HEADERS 1
#define HAVE_SYS_TYPES_H 1
#define HAVE_SYS_STAT_H 1
#define HAVE_STDLIB_H 1
#define HAVE_STRING_H 1
#define HAVE_MEMORY_H 1
#define HAVE_STRINGS_H 1
#define HAVE_INTTYPES_H 1
#define HAVE_STDINT_H 1
#define HAVE_UNISTD_H 1
#define HAVE_DLFCN_H 1
#define LT_OBJDIR ".libs/"
#define STDC_HEADERS 1
#define HAVE_SYS_IOCTL_H 1
#define HAVE_UNISTD_H 1
#define HAVE_LIBASOUND 1
#define HAVE_LIBPTHREAD 1

configure: exit 0
